###############################################################################
#
# IAR ANSI C/C++ Compiler V9.10.2.313/W64 for ARM         03/Nov/2021  18:48:26
# Copyright 1999-2021 IAR Systems AB.
#
#    Cpu mode          =  thumb
#    Endian            =  little
#    Source file       =
#        C:\Users\juhyeonlee\Desktop\Embedded\Libraries\STM32F10x_StdPeriph_Driver_v3.5\src\stm32f10x_iwdg.c
#    Command line      =
#        -f
#        C:\Users\juhyeonlee\Desktop\Embedded\Debug\Obj\Libraries\stm32f10x_iwdg.o.rsp
#        (C:\Users\juhyeonlee\Desktop\Embedded\Libraries\STM32F10x_StdPeriph_Driver_v3.5\src\stm32f10x_iwdg.c
#        -D USE_STDPERIPH_DRIVER -D STM32F10X_CL -lC
#        C:\Users\juhyeonlee\Desktop\Embedded\Debug\List\Libraries -o
#        C:\Users\juhyeonlee\Desktop\Embedded\Debug\Obj\Libraries --no_cse
#        --no_unroll --no_inline --no_code_motion --no_tbaa --no_clustering
#        --no_scheduling --debug --endian=little --cpu=Cortex-M3 -e --fpu=None
#        --dlib_config "C:\Program Files\IAR Systems\Embedded Workbench
#        9.0\arm\inc\c\DLib_Config_Normal.h" -I
#        C:\Users\juhyeonlee\Desktop\Embedded\user\inc\ -I
#        C:\Users\juhyeonlee\Desktop\Embedded\user\ -I
#        C:\Users\juhyeonlee\Desktop\Embedded\Libraries\CMSIS\DeviceSupport\Startup\
#        -I C:\Users\juhyeonlee\Desktop\Embedded\Libraries\CMSIS\DeviceSupport\
#        -I
#        C:\Users\juhyeonlee\Desktop\Embedded\Libraries\STM32F10x_StdPeriph_Driver_v3.5\inc\
#        -I
#        C:\Users\juhyeonlee\Desktop\Embedded\Libraries\STM32F10x_StdPeriph_Driver_v3.5\src\
#        -I C:\Users\juhyeonlee\Desktop\Embedded\Libraries\LCD\ -Ol -I
#        "C:\Program Files\IAR Systems\Embedded Workbench
#        9.0\arm\CMSIS\Core\Include\\" -I "C:\Program Files\IAR
#        Systems\Embedded Workbench 9.0\arm\CMSIS\DSP\Include\\")
#        --dependencies=n
#        C:\Users\juhyeonlee\Desktop\Embedded\Debug\Obj\Libraries\stm32f10x_iwdg.o.d
#    Locale            =  C
#    List file         =
#        C:\Users\juhyeonlee\Desktop\Embedded\Debug\List\Libraries\stm32f10x_iwdg.lst
#    Object file       =
#        C:\Users\juhyeonlee\Desktop\Embedded\Debug\Obj\Libraries\stm32f10x_iwdg.o
#    Runtime model:       
#      __SystemLibrary =  DLib
#      __dlib_version  =  6
#      __size_limit    =  32768|ARM.EW.LINKER
#
###############################################################################

C:\Users\juhyeonlee\Desktop\Embedded\Libraries\STM32F10x_StdPeriph_Driver_v3.5\src\stm32f10x_iwdg.c
      1          /**
      2            ******************************************************************************
      3            * @file    stm32f10x_iwdg.c
      4            * @author  MCD Application Team
      5            * @version V3.5.0
      6            * @date    11-March-2011
      7            * @brief   This file provides all the IWDG firmware functions.
      8            ******************************************************************************
      9            * @attention
     10            *
     11            * THE PRESENT FIRMWARE WHICH IS FOR GUIDANCE ONLY AIMS AT PROVIDING CUSTOMERS
     12            * WITH CODING INFORMATION REGARDING THEIR PRODUCTS IN ORDER FOR THEM TO SAVE
     13            * TIME. AS A RESULT, STMICROELECTRONICS SHALL NOT BE HELD LIABLE FOR ANY
     14            * DIRECT, INDIRECT OR CONSEQUENTIAL DAMAGES WITH RESPECT TO ANY CLAIMS ARISING
     15            * FROM THE CONTENT OF SUCH FIRMWARE AND/OR THE USE MADE BY CUSTOMERS OF THE
     16            * CODING INFORMATION CONTAINED HEREIN IN CONNECTION WITH THEIR PRODUCTS.
     17            *
     18            * <h2><center>&copy; COPYRIGHT 2011 STMicroelectronics</center></h2>
     19            ******************************************************************************
     20            */
     21          
     22          /* Includes ------------------------------------------------------------------*/
     23          #include "stm32f10x_iwdg.h"
     24          
     25          /** @addtogroup STM32F10x_StdPeriph_Driver
     26            * @{
     27            */
     28          
     29          /** @defgroup IWDG 
     30            * @brief IWDG driver modules
     31            * @{
     32            */ 
     33          
     34          /** @defgroup IWDG_Private_TypesDefinitions
     35            * @{
     36            */
     37          
     38          /**
     39            * @}
     40            */
     41          
     42          /** @defgroup IWDG_Private_Defines
     43            * @{
     44            */ 
     45          
     46          /* ---------------------- IWDG registers bit mask ----------------------------*/
     47          
     48          /* KR register bit mask */
     49          #define KR_KEY_Reload    ((uint16_t)0xAAAA)
     50          #define KR_KEY_Enable    ((uint16_t)0xCCCC)
     51          
     52          /**
     53            * @}
     54            */ 
     55          
     56          /** @defgroup IWDG_Private_Macros
     57            * @{
     58            */
     59          
     60          /**
     61            * @}
     62            */
     63          
     64          /** @defgroup IWDG_Private_Variables
     65            * @{
     66            */
     67          
     68          /**
     69            * @}
     70            */
     71          
     72          /** @defgroup IWDG_Private_FunctionPrototypes
     73            * @{
     74            */
     75          
     76          /**
     77            * @}
     78            */
     79          
     80          /** @defgroup IWDG_Private_Functions
     81            * @{
     82            */
     83          
     84          /**
     85            * @brief  Enables or disables write access to IWDG_PR and IWDG_RLR registers.
     86            * @param  IWDG_WriteAccess: new state of write access to IWDG_PR and IWDG_RLR registers.
     87            *   This parameter can be one of the following values:
     88            *     @arg IWDG_WriteAccess_Enable: Enable write access to IWDG_PR and IWDG_RLR registers
     89            *     @arg IWDG_WriteAccess_Disable: Disable write access to IWDG_PR and IWDG_RLR registers
     90            * @retval None
     91            */

   \                                 In section .text, align 2, keep-with-next
     92          void IWDG_WriteAccessCmd(uint16_t IWDG_WriteAccess)
     93          {
     94            /* Check the parameters */
     95            //assert_param(IS_IWDG_WRITE_ACCESS(IWDG_WriteAccess));
     96            IWDG->KR = IWDG_WriteAccess;
   \                     IWDG_WriteAccessCmd: (+1)
   \        0x0   0xB280             UXTH     R0,R0
   \        0x2   0x....             LDR.N    R1,??DataTable5
   \        0x4   0x6008             STR      R0,[R1, #+0]
     97          }
   \        0x6   0x4770             BX       LR
     98          
     99          /**
    100            * @brief  Sets IWDG Prescaler value.
    101            * @param  IWDG_Prescaler: specifies the IWDG Prescaler value.
    102            *   This parameter can be one of the following values:
    103            *     @arg IWDG_Prescaler_4: IWDG prescaler set to 4
    104            *     @arg IWDG_Prescaler_8: IWDG prescaler set to 8
    105            *     @arg IWDG_Prescaler_16: IWDG prescaler set to 16
    106            *     @arg IWDG_Prescaler_32: IWDG prescaler set to 32
    107            *     @arg IWDG_Prescaler_64: IWDG prescaler set to 64
    108            *     @arg IWDG_Prescaler_128: IWDG prescaler set to 128
    109            *     @arg IWDG_Prescaler_256: IWDG prescaler set to 256
    110            * @retval None
    111            */

   \                                 In section .text, align 2, keep-with-next
    112          void IWDG_SetPrescaler(uint8_t IWDG_Prescaler)
    113          {
    114            /* Check the parameters */
    115            //assert_param(IS_IWDG_PRESCALER(IWDG_Prescaler));
    116            IWDG->PR = IWDG_Prescaler;
   \                     IWDG_SetPrescaler: (+1)
   \        0x0   0xB2C0             UXTB     R0,R0
   \        0x2   0x....             LDR.N    R1,??DataTable5_1
   \        0x4   0x6008             STR      R0,[R1, #+0]
    117          }
   \        0x6   0x4770             BX       LR
    118          
    119          /**
    120            * @brief  Sets IWDG Reload value.
    121            * @param  Reload: specifies the IWDG Reload value.
    122            *   This parameter must be a number between 0 and 0x0FFF.
    123            * @retval None
    124            */

   \                                 In section .text, align 2, keep-with-next
    125          void IWDG_SetReload(uint16_t Reload)
    126          {
    127            /* Check the parameters */
    128            //assert_param(IS_IWDG_RELOAD(Reload));
    129            IWDG->RLR = Reload;
   \                     IWDG_SetReload: (+1)
   \        0x0   0xB280             UXTH     R0,R0
   \        0x2   0x....             LDR.N    R1,??DataTable5_2
   \        0x4   0x6008             STR      R0,[R1, #+0]
    130          }
   \        0x6   0x4770             BX       LR
    131          
    132          /**
    133            * @brief  Reloads IWDG counter with value defined in the reload register
    134            *   (write access to IWDG_PR and IWDG_RLR registers disabled).
    135            * @param  None
    136            * @retval None
    137            */

   \                                 In section .text, align 2, keep-with-next
    138          void IWDG_ReloadCounter(void)
    139          {
    140            IWDG->KR = KR_KEY_Reload;
   \                     IWDG_ReloadCounter: (+1)
   \        0x0   0xF64A 0x20AA      MOVW     R0,#+43690
   \        0x4   0x....             LDR.N    R1,??DataTable5
   \        0x6   0x6008             STR      R0,[R1, #+0]
    141          }
   \        0x8   0x4770             BX       LR
    142          
    143          /**
    144            * @brief  Enables IWDG (write access to IWDG_PR and IWDG_RLR registers disabled).
    145            * @param  None
    146            * @retval None
    147            */

   \                                 In section .text, align 2, keep-with-next
    148          void IWDG_Enable(void)
    149          {
    150            IWDG->KR = KR_KEY_Enable;
   \                     IWDG_Enable: (+1)
   \        0x0   0xF64C 0x40CC      MOVW     R0,#+52428
   \        0x4   0x....             LDR.N    R1,??DataTable5
   \        0x6   0x6008             STR      R0,[R1, #+0]
    151          }
   \        0x8   0x4770             BX       LR
    152          
    153          /**
    154            * @brief  Checks whether the specified IWDG flag is set or not.
    155            * @param  IWDG_FLAG: specifies the flag to check.
    156            *   This parameter can be one of the following values:
    157            *     @arg IWDG_FLAG_PVU: Prescaler Value Update on going
    158            *     @arg IWDG_FLAG_RVU: Reload Value Update on going
    159            * @retval The new state of IWDG_FLAG (SET or RESET).
    160            */

   \                                 In section .text, align 2, keep-with-next
    161          FlagStatus IWDG_GetFlagStatus(uint16_t IWDG_FLAG)
    162          {
    163            FlagStatus bitstatus = RESET;
   \                     IWDG_GetFlagStatus: (+1)
   \        0x0   0x2100             MOVS     R1,#+0
    164            /* Check the parameters */
    165            //assert_param(IS_IWDG_FLAG(IWDG_FLAG));
    166            if ((IWDG->SR & IWDG_FLAG) != (uint32_t)RESET)
   \        0x2   0x....             LDR.N    R1,??DataTable5_3
   \        0x4   0x6809             LDR      R1,[R1, #+0]
   \        0x6   0xB280             UXTH     R0,R0
   \        0x8   0x4201             TST      R1,R0
   \        0xA   0xD001             BEQ.N    ??IWDG_GetFlagStatus_0
    167            {
    168              bitstatus = SET;
   \        0xC   0x2001             MOVS     R0,#+1
   \        0xE   0xE000             B.N      ??IWDG_GetFlagStatus_1
    169            }
    170            else
    171            {
    172              bitstatus = RESET;
   \                     ??IWDG_GetFlagStatus_0: (+1)
   \       0x10   0x2000             MOVS     R0,#+0
    173            }
    174            /* Return the flag status */
    175            return bitstatus;
   \                     ??IWDG_GetFlagStatus_1: (+1)
   \       0x12   0xB2C0             UXTB     R0,R0
   \       0x14   0x4770             BX       LR
    176          }

   \                                 In section .text, align 4, keep-with-next
   \                     ??DataTable5:
   \        0x0   0x4000'3000        DC32     0x40003000

   \                                 In section .text, align 4, keep-with-next
   \                     ??DataTable5_1:
   \        0x0   0x4000'3004        DC32     0x40003004

   \                                 In section .text, align 4, keep-with-next
   \                     ??DataTable5_2:
   \        0x0   0x4000'3008        DC32     0x40003008

   \                                 In section .text, align 4, keep-with-next
   \                     ??DataTable5_3:
   \        0x0   0x4000'300C        DC32     0x4000300c
    177          
    178          /**
    179            * @}
    180            */
    181          
    182          /**
    183            * @}
    184            */
    185          
    186          /**
    187            * @}
    188            */
    189          
    190          /******************* (C) COPYRIGHT 2011 STMicroelectronics *****END OF FILE****/

   Maximum stack usage in bytes:

   .cstack Function
   ------- --------
       0   IWDG_Enable
       0   IWDG_GetFlagStatus
       0   IWDG_ReloadCounter
       0   IWDG_SetPrescaler
       0   IWDG_SetReload
       0   IWDG_WriteAccessCmd


   Section sizes:

   Bytes  Function/Label
   -----  --------------
       4  ??DataTable5
       4  ??DataTable5_1
       4  ??DataTable5_2
       4  ??DataTable5_3
      10  IWDG_Enable
      22  IWDG_GetFlagStatus
      10  IWDG_ReloadCounter
       8  IWDG_SetPrescaler
       8  IWDG_SetReload
       8  IWDG_WriteAccessCmd

 
 82 bytes in section .text
 
 82 bytes of CODE memory

Errors: none
Warnings: none
